[debug] [2023-03-23T21:03:02.480Z] ----------------------------------------------------------------------
[debug] [2023-03-23T21:03:02.482Z] Command:       /usr/local/bin/node /usr/local/bin/firebase deploy
[debug] [2023-03-23T21:03:02.483Z] CLI Version:   11.24.1
[debug] [2023-03-23T21:03:02.483Z] Platform:      darwin
[debug] [2023-03-23T21:03:02.483Z] Node Version:  v18.13.0
[debug] [2023-03-23T21:03:02.485Z] Time:          Thu Mar 23 2023 14:03:02 GMT-0700 (Pacific Daylight Time)
[debug] [2023-03-23T21:03:02.486Z] ----------------------------------------------------------------------
[debug] 
[debug] [2023-03-23T21:03:02.489Z] >>> [apiv2][query] GET https://firebase-public.firebaseio.com/cli.json [none]
[debug] [2023-03-23T21:03:02.644Z] > command requires scopes: ["email","openid","https://www.googleapis.com/auth/cloudplatformprojects.readonly","https://www.googleapis.com/auth/firebase","https://www.googleapis.com/auth/cloud-platform"]
[debug] [2023-03-23T21:03:02.645Z] > authorizing via signed-in user (nekumelon@gmail.com)
[debug] [2023-03-23T21:03:02.645Z] [iam] checking project tam-games for permissions ["cloudfunctions.functions.create","cloudfunctions.functions.delete","cloudfunctions.functions.get","cloudfunctions.functions.list","cloudfunctions.functions.update","cloudfunctions.operations.get","firebase.projects.get","firebasehosting.sites.update"]
[debug] [2023-03-23T21:03:02.647Z] > refreshing access token with scopes: []
[debug] [2023-03-23T21:03:02.648Z] >>> [apiv2][query] POST https://www.googleapis.com/oauth2/v3/token [none]
[debug] [2023-03-23T21:03:02.648Z] >>> [apiv2][body] POST https://www.googleapis.com/oauth2/v3/token [omitted]
[warn] ⚠  Unable to fetch the CLI MOTD and remote config. 
[debug] [2023-03-23T21:03:02.656Z] Failed to fetch MOTD FirebaseError: Failed to make request to https://firebase-public.firebaseio.com/cli.json
[debug] [2023-03-23T21:03:02.660Z] [iam] error while checking permissions, command may fail: FirebaseError: Authentication Error: Your credentials are no longer valid. Please run firebase login --reauth

For CI servers and headless environments, generate a new token with firebase login:ci
[debug] [2023-03-23T21:03:02.660Z] > refreshing access token with scopes: []
[debug] [2023-03-23T21:03:02.660Z] >>> [apiv2][query] POST https://www.googleapis.com/oauth2/v3/token [none]
[debug] [2023-03-23T21:03:02.661Z] >>> [apiv2][body] POST https://www.googleapis.com/oauth2/v3/token [omitted]
[debug] [2023-03-23T21:03:02.668Z] [functions] service account IAM check errored, deploy may fail:Authentication Error: Your credentials are no longer valid. Please run firebase login --reauth

For CI servers and headless environments, generate a new token with firebase login:ci {"name":"FirebaseError","children":[],"exit":1,"message":"Authentication Error: Your credentials are no longer valid. Please run \u001b[1mfirebase login --reauth\u001b[22m\n\nFor CI servers and headless environments, generate a new token with \u001b[1mfirebase login:ci\u001b[22m","status":500}
[debug] [2023-03-23T21:03:02.669Z] > refreshing access token with scopes: []
[debug] [2023-03-23T21:03:02.669Z] >>> [apiv2][query] POST https://www.googleapis.com/oauth2/v3/token [none]
[debug] [2023-03-23T21:03:02.669Z] >>> [apiv2][body] POST https://www.googleapis.com/oauth2/v3/token [omitted]
[debug] [2023-03-23T21:03:02.678Z] Authentication Error: Your credentials are no longer valid. Please run firebase login --reauth

For CI servers and headless environments, generate a new token with firebase login:ci
[debug] [2023-03-23T21:03:02.680Z] FirebaseError: Authentication Error: Your credentials are no longer valid. Please run firebase login --reauth

For CI servers and headless environments, generate a new token with firebase login:ci
    at invalidCredentialError (/usr/local/lib/node_modules/firebase-tools/lib/auth.js:144:12)
    at refreshTokens (/usr/local/lib/node_modules/firebase-tools/lib/auth.js:508:15)
    at process.processTicksAndRejections (node:internal/process/task_queues:95:5)
    at async Client.getAccessToken (/usr/local/lib/node_modules/firebase-tools/lib/apiv2.js:149:23)
    at async Client.addAuthHeader (/usr/local/lib/node_modules/firebase-tools/lib/apiv2.js:140:21)
    at async Client.request (/usr/local/lib/node_modules/firebase-tools/lib/apiv2.js:96:34)
    at async getFirebaseProject (/usr/local/lib/node_modules/firebase-tools/lib/management/projects.js:295:21)
    at async getDefaultHostingSite (/usr/local/lib/node_modules/firebase-tools/lib/getDefaultHostingSite.js:10:21)
    at async requireHostingSite (/usr/local/lib/node_modules/firebase-tools/lib/requireHostingSite.js:9:18)
    at async Object.fn (/usr/local/lib/node_modules/firebase-tools/lib/commands/deploy.js:74:9)
    at async /usr/local/lib/node_modules/firebase-tools/lib/command.js:214:17
[error] 
[error] Error: Failed to get Firebase project tam-games. Please make sure the project exists and your account has permission to access it.
